{
  "RSpec": {
    "coverage": {
      "/Users/acareaga/Turing/mod3/ratinganimals/app/controllers/slider_controller.rb": [
        1,
        1,
        3,
        0,
        0,
        null,
        null
      ],
      "/Users/acareaga/Turing/mod3/ratinganimals/app/controllers/application_controller.rb": [
        1,
        null,
        null,
        1,
        null
      ],
      "/Users/acareaga/Turing/mod3/ratinganimals/app/models/rating.rb": [
        1,
        1,
        1,
        3,
        null,
        null,
        1,
        3,
        0,
        0,
        null,
        null,
        1,
        0,
        0,
        0,
        null,
        null,
        1,
        0,
        0,
        0,
        null,
        null,
        null,
        1,
        1,
        0,
        null,
        null
      ],
      "/Users/acareaga/Turing/mod3/ratinganimals/app/services/trelora_service.rb": [
        1,
        1,
        1,
        3,
        null,
        null,
        1,
        3,
        null,
        null,
        1,
        0,
        null,
        null,
        1,
        0,
        null,
        null,
        1,
        0,
        null,
        null,
        1,
        0,
        null,
        null,
        1,
        0,
        null,
        null,
        1,
        1,
        0,
        null,
        null
      ]
    },
    "timestamp": 1453167131
  }
}
